{"numFailedTestSuites":1,"numFailedTests":5,"numPassedTestSuites":0,"numPassedTests":0,"numPendingTestSuites":0,"numPendingTests":0,"numRuntimeErrorTestSuites":0,"numTodoTests":0,"numTotalTestSuites":1,"numTotalTests":5,"openHandles":[],"snapshot":{"added":0,"didUpdate":false,"failure":false,"filesAdded":0,"filesRemoved":0,"filesRemovedList":[],"filesUnmatched":0,"filesUpdated":0,"matched":0,"total":0,"unchecked":0,"uncheckedKeysByFile":[],"unmatched":0,"updated":0},"startTime":1770387593604,"success":false,"testResults":[{"assertionResults":[{"ancestorTitles":["user-service"],"duration":247,"failureDetails":[{"name":"TSError","diagnosticText":"\u001b[96mservices/user-service/src/app-for-test.ts\u001b[0m:\u001b[93m1\u001b[0m:\u001b[93m34\u001b[0m - \u001b[91merror\u001b[0m\u001b[90m TS2307: \u001b[0mCannot find module '@ms/common/app' or its corresponding type declarations.\n\n\u001b[7m1\u001b[0m import { createServiceApp } from \"@ms/common/app\";\n\u001b[7m \u001b[0m \u001b[91m                                 ~~~~~~~~~~~~~~~~\u001b[0m\n","diagnosticCodes":[2307]}],"failureMessages":[""],"fullName":"user-service health returns service name","invocations":1,"location":null,"numPassingAsserts":0,"retryReasons":[],"status":"failed","title":"health returns service name"},{"ancestorTitles":["user-service"],"duration":10,"failureDetails":[{"name":"TSError","diagnosticText":"\u001b[96mservices/user-service/src/app-for-test.ts\u001b[0m:\u001b[93m1\u001b[0m:\u001b[93m34\u001b[0m - \u001b[91merror\u001b[0m\u001b[90m TS2307: \u001b[0mCannot find module '@ms/common/app' or its corresponding type declarations.\n\n\u001b[7m1\u001b[0m import { createServiceApp } from \"@ms/common/app\";\n\u001b[7m \u001b[0m \u001b[91m                                 ~~~~~~~~~~~~~~~~\u001b[0m\n","diagnosticCodes":[2307]}],"failureMessages":[""],"fullName":"user-service router mounted: GET /api/users returns 401 without token","invocations":1,"location":null,"numPassingAsserts":0,"retryReasons":[],"status":"failed","title":"router mounted: GET /api/users returns 401 without token"},{"ancestorTitles":["user-service"],"duration":12,"failureDetails":[{"name":"TSError","diagnosticText":"\u001b[96mservices/user-service/src/app-for-test.ts\u001b[0m:\u001b[93m1\u001b[0m:\u001b[93m34\u001b[0m - \u001b[91merror\u001b[0m\u001b[90m TS2307: \u001b[0mCannot find module '@ms/common/app' or its corresponding type declarations.\n\n\u001b[7m1\u001b[0m import { createServiceApp } from \"@ms/common/app\";\n\u001b[7m \u001b[0m \u001b[91m                                 ~~~~~~~~~~~~~~~~\u001b[0m\n","diagnosticCodes":[2307]}],"failureMessages":[""],"fullName":"user-service admin-only access contract on GET /api/users","invocations":1,"location":null,"numPassingAsserts":0,"retryReasons":[],"status":"failed","title":"admin-only access contract on GET /api/users"},{"ancestorTitles":["user-service"],"duration":10,"failureDetails":[{"name":"TSError","diagnosticText":"\u001b[96mservices/user-service/src/app-for-test.ts\u001b[0m:\u001b[93m1\u001b[0m:\u001b[93m34\u001b[0m - \u001b[91merror\u001b[0m\u001b[90m TS2307: \u001b[0mCannot find module '@ms/common/app' or its corresponding type declarations.\n\n\u001b[7m1\u001b[0m import { createServiceApp } from \"@ms/common/app\";\n\u001b[7m \u001b[0m \u001b[91m                                 ~~~~~~~~~~~~~~~~\u001b[0m\n","diagnosticCodes":[2307]}],"failureMessages":[""],"fullName":"user-service owner/admin logic on GET /api/users/:id","invocations":1,"location":null,"numPassingAsserts":0,"retryReasons":[],"status":"failed","title":"owner/admin logic on GET /api/users/:id"},{"ancestorTitles":["user-service"],"duration":8,"failureDetails":[{"name":"TSError","diagnosticText":"\u001b[96mservices/user-service/src/app-for-test.ts\u001b[0m:\u001b[93m1\u001b[0m:\u001b[93m34\u001b[0m - \u001b[91merror\u001b[0m\u001b[90m TS2307: \u001b[0mCannot find module '@ms/common/app' or its corresponding type declarations.\n\n\u001b[7m1\u001b[0m import { createServiceApp } from \"@ms/common/app\";\n\u001b[7m \u001b[0m \u001b[91m                                 ~~~~~~~~~~~~~~~~\u001b[0m\n","diagnosticCodes":[2307]}],"failureMessages":[""],"fullName":"user-service basic create user returns 201","invocations":1,"location":null,"numPassingAsserts":0,"retryReasons":[],"status":"failed","title":"basic create user returns 201"}],"endTime":1770387599194,"message":"  ● user-service › health returns service name\n\n\n\n\n\n  ● user-service › router mounted: GET /api/users returns 401 without token\n\n\n\n\n\n  ● user-service › admin-only access contract on GET /api/users\n\n\n\n\n\n  ● user-service › owner/admin logic on GET /api/users/:id\n\n\n\n\n\n  ● user-service › basic create user returns 201\n\n\n\n\n","name":"C:\\Users\\Lee\\Desktop\\microservices-sandbox\\tests\\services\\user-service.test.ts","startTime":1770387594094,"status":"failed","summary":""}],"wasInterrupted":false}
